[    12.232] 
X.Org X Server 1.21.1.3
X Protocol Version 11, Revision 0
[    12.232] Current Operating System: Linux arch 5.15.13-arch1-1 #1 SMP PREEMPT Wed, 05 Jan 2022 16:20:59 +0000 x86_64
[    12.232] Kernel command line: BOOT_IMAGE=/boot/vmlinuz-linux root=UUID=e7eb7b95-f29c-4a68-93e4-463ad0622ef6 rw loglevel=3 quiet
[    12.232]  
[    12.233] Current version of pixman: 0.40.0
[    12.233] 	Before reporting problems, check http://wiki.x.org
	to make sure that you have the latest version.
[    12.233] Markers: (--) probed, (**) from config file, (==) default setting,
	(++) from command line, (!!) notice, (II) informational,
	(WW) warning, (EE) error, (NI) not implemented, (??) unknown.
[    12.233] (==) Log file: "/home/gabriel/.local/share/xorg/Xorg.0.log", Time: Sat Jan  8 16:32:24 2022
[    12.239] (==) Using system config directory "/usr/share/X11/xorg.conf.d"
[    12.242] (==) No Layout section.  Using the first Screen section.
[    12.242] (==) No screen section available. Using defaults.
[    12.242] (**) |-->Screen "Default Screen Section" (0)
[    12.242] (**) |   |-->Monitor "<default monitor>"
[    12.242] (==) No monitor specified for screen "Default Screen Section".
	Using a default monitor configuration.
[    12.242] (==) Automatically adding devices
[    12.242] (==) Automatically enabling devices
[    12.242] (==) Automatically adding GPU devices
[    12.242] (==) Automatically binding GPU devices
[    12.244] (==) Max clients allowed: 256, resource mask: 0x1fffff
[    12.251] (WW) The directory "/usr/share/fonts/OTF" does not exist.
[    12.251] 	Entry deleted from font path.
[    12.251] (WW) The directory "/usr/share/fonts/Type1" does not exist.
[    12.251] 	Entry deleted from font path.
[    12.257] (==) FontPath set to:
	/usr/share/fonts/misc,
	/usr/share/fonts/TTF,
	/usr/share/fonts/100dpi,
	/usr/share/fonts/75dpi
[    12.257] (==) ModulePath set to "/usr/lib/xorg/modules"
[    12.257] (II) The server relies on udev to provide the list of input devices.
	If no devices become available, reconfigure udev or disable AutoAddDevices.
[    12.257] (II) Module ABI versions:
[    12.257] 	X.Org ANSI C Emulation: 0.4
[    12.257] 	X.Org Video Driver: 25.2
[    12.257] 	X.Org XInput driver : 24.4
[    12.257] 	X.Org Server Extension : 10.0
[    12.259] (++) using VT number 2

[    12.259] (--) controlling tty is VT number 2, auto-enabling KeepTty
[    12.264] (II) systemd-logind: took control of session /org/freedesktop/login1/session/_31
[    12.266] (II) xfree86: Adding drm device (/dev/dri/card0)
[    12.266] (II) Platform probe for /sys/devices/pci0000:00/0000:00:02.0/drm/card0
[    12.268] (II) systemd-logind: got fd for /dev/dri/card0 226:0 fd 11 paused 0
[    12.274] (--) PCI:*(0@0:2:0) 8086:0116:1043:124d rev 9, Mem @ 0xf7800000/4194304, 0xe0000000/268435456, I/O @ 0x0000f000/64, BIOS @ 0x????????/131072
[    12.274] (II) Open ACPI successful (/var/run/acpid.socket)
[    12.274] (II) LoadModule: "glx"
[    12.279] (II) Loading /usr/lib/xorg/modules/extensions/libglx.so
[    12.308] (II) Module glx: vendor="X.Org Foundation"
[    12.308] 	compiled for 1.21.1.3, module version = 1.0.0
[    12.308] 	ABI class: X.Org Server Extension, version 10.0
[    12.308] (==) Matched intel as autoconfigured driver 0
[    12.308] (==) Matched modesetting as autoconfigured driver 1
[    12.308] (==) Matched fbdev as autoconfigured driver 2
[    12.308] (==) Matched vesa as autoconfigured driver 3
[    12.309] (==) Assigned the driver to the xf86ConfigLayout
[    12.309] (II) LoadModule: "intel"
[    12.309] (WW) Warning, couldn't open module intel
[    12.309] (EE) Failed to load module "intel" (module does not exist, 0)
[    12.309] (II) LoadModule: "modesetting"
[    12.309] (II) Loading /usr/lib/xorg/modules/drivers/modesetting_drv.so
[    12.322] (II) Module modesetting: vendor="X.Org Foundation"
[    12.322] 	compiled for 1.21.1.3, module version = 1.21.1
[    12.322] 	Module class: X.Org Video Driver
[    12.322] 	ABI class: X.Org Video Driver, version 25.2
[    12.322] (II) LoadModule: "fbdev"
[    12.323] (WW) Warning, couldn't open module fbdev
[    12.323] (EE) Failed to load module "fbdev" (module does not exist, 0)
[    12.323] (II) LoadModule: "vesa"
[    12.323] (II) Loading /usr/lib/xorg/modules/drivers/vesa_drv.so
[    12.324] (II) Module vesa: vendor="X.Org Foundation"
[    12.324] 	compiled for 1.21.1.1, module version = 2.5.0
[    12.324] 	Module class: X.Org Video Driver
[    12.324] 	ABI class: X.Org Video Driver, version 25.2
[    12.324] (II) modesetting: Driver for Modesetting Kernel Drivers: kms
[    12.324] (II) VESA: driver for VESA chipsets: vesa
[    12.324] xf86EnableIO: failed to enable I/O ports 0000-03ff (Operation not permitted)
[    12.324] (II) modeset(0): using drv /dev/dri/card0
[    12.325] (WW) VGA arbiter: cannot open kernel arbiter, no multi-card support
[    12.325] (II) modeset(0): Creating default Display subsection in Screen section
	"Default Screen Section" for depth/fbbpp 24/32
[    12.325] (==) modeset(0): Depth 24, (==) framebuffer bpp 32
[    12.325] (==) modeset(0): RGB weight 888
[    12.325] (==) modeset(0): Default visual is TrueColor
[    12.325] (II) Loading sub module "glamoregl"
[    12.325] (II) LoadModule: "glamoregl"
[    12.325] (II) Loading /usr/lib/xorg/modules/libglamoregl.so
[    12.340] (II) Module glamoregl: vendor="X.Org Foundation"
[    12.340] 	compiled for 1.21.1.3, module version = 1.0.1
[    12.340] 	ABI class: X.Org ANSI C Emulation, version 0.4
[    12.496] (II) modeset(0): glamor X acceleration enabled on Mesa DRI Intel(R) HD Graphics 3000 (SNB GT2)
[    12.496] (II) modeset(0): glamor initialized
[    12.496] (==) modeset(0): VariableRefresh: disabled
[    12.496] (==) modeset(0): AsyncFlipSecondaries: disabled
[    12.496] (II) modeset(0): Output LVDS-1 has no monitor section
[    12.497] (II) modeset(0): Output VGA-1 has no monitor section
[    12.499] (II) modeset(0): Output HDMI-1 has no monitor section
[    12.499] (II) modeset(0): Output DP-1 has no monitor section
[    12.500] (II) modeset(0): EDID for output LVDS-1
[    12.500] (II) modeset(0): Manufacturer: AUO  Model: 45ec  Serial#: 1
[    12.500] (II) modeset(0): Year: 2010  Week: 1
[    12.500] (II) modeset(0): EDID Version: 1.3
[    12.500] (II) modeset(0): Digital Display Input
[    12.500] (II) modeset(0): Max Image Size [cm]: horiz.: 34  vert.: 19
[    12.500] (II) modeset(0): Gamma: 2.20
[    12.500] (II) modeset(0): No DPMS capabilities specified
[    12.500] (II) modeset(0): Supported color encodings: RGB 4:4:4 YCrCb 4:4:4 
[    12.500] (II) modeset(0): First detailed timing is preferred mode
[    12.500] (II) modeset(0): redX: 0.590 redY: 0.340   greenX: 0.330 greenY: 0.550
[    12.500] (II) modeset(0): blueX: 0.150 blueY: 0.140   whiteX: 0.313 whiteY: 0.329
[    12.500] (II) modeset(0): Manufacturer's mask: 0
[    12.500] (II) modeset(0): Supported detailed timing:
[    12.500] (II) modeset(0): clock: 69.3 MHz   Image Size:  344 x 193 mm
[    12.501] (II) modeset(0): h_active: 1366  h_sync: 1374  h_sync_end 1384 h_blank_end 1462 h_border: 0
[    12.501] (II) modeset(0): v_active: 768  v_sync: 771  v_sync_end 772 v_blanking: 790 v_border: 0
[    12.501] (II) modeset(0): Unknown vendor-specific block f
[    12.501] (II) modeset(0):  AUO
[    12.501] (II) modeset(0):  B156XW04 V5
[    12.501] (II) modeset(0): EDID (in hex):
[    12.501] (II) modeset(0): 	00ffffffffffff0006afec4501000000
[    12.501] (II) modeset(0): 	01140103802213780a0bb59757548c26
[    12.501] (II) modeset(0): 	23505400000001010101010101010101
[    12.501] (II) modeset(0): 	010101010101121b566050001630080a
[    12.501] (II) modeset(0): 	310058c1100000180000000f00000000
[    12.501] (II) modeset(0): 	00000000000000000020000000fe0041
[    12.501] (II) modeset(0): 	554f0a202020202020202020000000fe
[    12.501] (II) modeset(0): 	004231353658573034205635200a0047
[    12.501] (II) modeset(0): Printing probed modes for output LVDS-1
[    12.501] (II) modeset(0): Modeline "1366x768"x60.0   69.30  1366 1374 1384 1462  768 771 772 790 -hsync -vsync (47.4 kHz eP)
[    12.502] (II) modeset(0): Modeline "1280x720"x120.0  156.12  1280 1376 1512 1744  720 721 724 746 doublescan -hsync +vsync (89.5 kHz d)
[    12.502] (II) modeset(0): Modeline "1280x720"x120.0  120.75  1280 1304 1320 1360  720 721 724 740 doublescan +hsync -vsync (88.8 kHz d)
[    12.502] (II) modeset(0): Modeline "1280x720"x59.9   74.50  1280 1344 1472 1664  720 723 728 748 -hsync +vsync (44.8 kHz d)
[    12.502] (II) modeset(0): Modeline "1280x720"x59.7   63.75  1280 1328 1360 1440  720 723 728 741 +hsync -vsync (44.3 kHz d)
[    12.502] (II) modeset(0): Modeline "1024x768"x120.1  133.47  1024 1100 1212 1400  768 768 770 794 doublescan -hsync +vsync (95.3 kHz d)
[    12.502] (II) modeset(0): Modeline "1024x768"x60.0   65.00  1024 1048 1184 1344  768 771 777 806 -hsync -vsync (48.4 kHz d)
[    12.502] (II) modeset(0): Modeline "960x720"x120.0  117.00  960 1024 1128 1300  720 720 722 750 doublescan -hsync +vsync (90.0 kHz d)
[    12.502] (II) modeset(0): Modeline "928x696"x120.1  109.15  928 976 1088 1264  696 696 698 719 doublescan -hsync +vsync (86.4 kHz d)
[    12.502] (II) modeset(0): Modeline "896x672"x120.0  102.40  896 960 1060 1224  672 672 674 697 doublescan -hsync +vsync (83.7 kHz d)
[    12.502] (II) modeset(0): Modeline "1024x576"x119.9   98.50  1024 1092 1200 1376  576 577 580 597 doublescan -hsync +vsync (71.6 kHz d)
[    12.502] (II) modeset(0): Modeline "1024x576"x119.9   78.38  1024 1048 1064 1104  576 577 580 592 doublescan +hsync -vsync (71.0 kHz d)
[    12.502] (II) modeset(0): Modeline "1024x576"x59.9   46.50  1024 1064 1160 1296  576 579 584 599 -hsync +vsync (35.9 kHz d)
[    12.502] (II) modeset(0): Modeline "1024x576"x59.8   42.00  1024 1072 1104 1184  576 579 584 593 +hsync -vsync (35.5 kHz d)
[    12.502] (II) modeset(0): Modeline "960x600"x119.9   96.62  960 1028 1128 1296  600 601 604 622 doublescan -hsync +vsync (74.6 kHz d)
[    12.502] (II) modeset(0): Modeline "960x600"x120.0   77.00  960 984 1000 1040  600 601 604 617 doublescan +hsync -vsync (74.0 kHz d)
[    12.502] (II) modeset(0): Modeline "960x540"x119.9   86.50  960 1024 1124 1288  540 541 544 560 doublescan -hsync +vsync (67.2 kHz d)
[    12.502] (II) modeset(0): Modeline "960x540"x120.0   69.25  960 984 1000 1040  540 541 544 555 doublescan +hsync -vsync (66.6 kHz d)
[    12.502] (II) modeset(0): Modeline "960x540"x59.6   40.75  960 992 1088 1216  540 543 548 562 -hsync +vsync (33.5 kHz d)
[    12.502] (II) modeset(0): Modeline "960x540"x59.8   37.25  960 1008 1040 1120  540 543 548 556 +hsync -vsync (33.3 kHz d)
[    12.502] (II) modeset(0): Modeline "800x600"x120.0   81.00  800 832 928 1080  600 600 602 625 doublescan +hsync +vsync (75.0 kHz d)
[    12.502] (II) modeset(0): Modeline "800x600"x60.3   40.00  800 840 968 1056  600 601 605 628 +hsync +vsync (37.9 kHz d)
[    12.502] (II) modeset(0): Modeline "800x600"x56.2   36.00  800 824 896 1024  600 601 603 625 +hsync +vsync (35.2 kHz d)
[    12.502] (II) modeset(0): Modeline "840x525"x120.0   73.12  840 892 980 1120  525 526 529 544 doublescan -hsync +vsync (65.3 kHz d)
[    12.502] (II) modeset(0): Modeline "840x525"x119.8   59.50  840 864 880 920  525 526 529 540 doublescan +hsync -vsync (64.7 kHz d)
[    12.502] (II) modeset(0): Modeline "864x486"x59.9   32.50  864 888 968 1072  486 489 494 506 -hsync +vsync (30.3 kHz d)
[    12.502] (II) modeset(0): Modeline "864x486"x59.6   30.50  864 912 944 1024  486 489 494 500 +hsync -vsync (29.8 kHz d)
[    12.502] (II) modeset(0): Modeline "700x525"x120.0   61.00  700 744 820 940  525 526 532 541 doublescan +hsync +vsync (64.9 kHz d)
[    12.502] (II) modeset(0): Modeline "800x450"x119.9   59.12  800 848 928 1056  450 451 454 467 doublescan -hsync +vsync (56.0 kHz d)
[    12.502] (II) modeset(0): Modeline "800x450"x119.6   48.75  800 824 840 880  450 451 454 463 doublescan +hsync -vsync (55.4 kHz d)
[    12.502] (II) modeset(0): Modeline "640x512"x120.0   54.00  640 664 720 844  512 512 514 533 doublescan +hsync +vsync (64.0 kHz d)
[    12.503] (II) modeset(0): Modeline "700x450"x119.9   51.75  700 740 812 924  450 451 456 467 doublescan -hsync +vsync (56.0 kHz d)
[    12.503] (II) modeset(0): Modeline "700x450"x119.8   43.25  700 724 740 780  450 451 456 463 doublescan +hsync -vsync (55.4 kHz d)
[    12.503] (II) modeset(0): Modeline "640x480"x120.0   54.00  640 688 744 900  480 480 482 500 doublescan +hsync +vsync (60.0 kHz d)
[    12.503] (II) modeset(0): Modeline "640x480"x59.9   25.18  640 656 752 800  480 490 492 525 -hsync -vsync (31.5 kHz d)
[    12.503] (II) modeset(0): Modeline "720x405"x59.5   22.50  720 744 808 896  405 408 413 422 -hsync +vsync (25.1 kHz d)
[    12.503] (II) modeset(0): Modeline "720x405"x59.0   21.75  720 768 800 880  405 408 413 419 +hsync -vsync (24.7 kHz d)
[    12.503] (II) modeset(0): Modeline "684x384"x119.8   42.62  684 720 788 892  384 385 390 399 doublescan -hsync +vsync (47.8 kHz d)
[    12.503] (II) modeset(0): Modeline "684x384"x119.7   36.12  684 708 724 764  384 385 390 395 doublescan +hsync -vsync (47.3 kHz d)
[    12.503] (II) modeset(0): Modeline "640x400"x119.8   41.75  640 676 740 840  400 401 404 415 doublescan -hsync +vsync (49.7 kHz d)
[    12.503] (II) modeset(0): Modeline "640x400"x120.0   35.50  640 664 680 720  400 401 404 411 doublescan +hsync -vsync (49.3 kHz d)
[    12.503] (II) modeset(0): Modeline "640x360"x119.7   37.25  640 672 736 832  360 361 364 374 doublescan -hsync +vsync (44.8 kHz d)
[    12.503] (II) modeset(0): Modeline "640x360"x119.7   31.88  640 664 680 720  360 361 364 370 doublescan +hsync -vsync (44.3 kHz d)
[    12.503] (II) modeset(0): Modeline "640x360"x59.8   18.00  640 664 720 800  360 363 368 376 -hsync +vsync (22.5 kHz d)
[    12.503] (II) modeset(0): Modeline "640x360"x59.3   17.75  640 688 720 800  360 363 368 374 +hsync -vsync (22.2 kHz d)
[    12.503] (II) modeset(0): Modeline "512x384"x120.0   32.50  512 524 592 672  384 385 388 403 doublescan -hsync -vsync (48.4 kHz d)
[    12.503] (II) modeset(0): Modeline "512x288"x120.0   23.25  512 532 580 648  288 289 292 299 doublescan -hsync +vsync (35.9 kHz d)
[    12.503] (II) modeset(0): Modeline "512x288"x119.8   21.00  512 536 552 592  288 289 292 296 doublescan +hsync -vsync (35.5 kHz d)
[    12.503] (II) modeset(0): Modeline "480x270"x119.3   20.38  480 496 544 608  270 271 274 281 doublescan -hsync +vsync (33.5 kHz d)
[    12.503] (II) modeset(0): Modeline "480x270"x119.6   18.62  480 504 520 560  270 271 274 278 doublescan +hsync -vsync (33.3 kHz d)
[    12.503] (II) modeset(0): Modeline "400x300"x120.6   20.00  400 420 484 528  300 300 302 314 doublescan +hsync +vsync (37.9 kHz d)
[    12.503] (II) modeset(0): Modeline "400x300"x112.7   18.00  400 412 448 512  300 300 301 312 doublescan +hsync +vsync (35.2 kHz d)
[    12.503] (II) modeset(0): Modeline "432x243"x119.8   16.25  432 444 484 536  243 244 247 253 doublescan -hsync +vsync (30.3 kHz d)
[    12.503] (II) modeset(0): Modeline "432x243"x119.1   15.25  432 456 472 512  243 244 247 250 doublescan +hsync -vsync (29.8 kHz d)
[    12.503] (II) modeset(0): Modeline "320x240"x120.1   12.59  320 328 376 400  240 245 246 262 doublescan -hsync -vsync (31.5 kHz d)
[    12.503] (II) modeset(0): Modeline "360x202"x119.0   11.25  360 372 404 448  202 204 206 211 doublescan -hsync +vsync (25.1 kHz d)
[    12.503] (II) modeset(0): Modeline "360x202"x118.3   10.88  360 384 400 440  202 204 206 209 doublescan +hsync -vsync (24.7 kHz d)
[    12.503] (II) modeset(0): Modeline "320x180"x119.7    9.00  320 332 360 400  180 181 184 188 doublescan -hsync +vsync (22.5 kHz d)
[    12.503] (II) modeset(0): Modeline "320x180"x118.6    8.88  320 344 360 400  180 181 184 187 doublescan +hsync -vsync (22.2 kHz d)
[    12.505] (II) modeset(0): EDID for output VGA-1
[    12.506] (II) modeset(0): EDID for output HDMI-1
[    12.506] (II) modeset(0): EDID for output DP-1
[    12.506] (II) modeset(0): Output LVDS-1 connected
[    12.506] (II) modeset(0): Output VGA-1 disconnected
[    12.506] (II) modeset(0): Output HDMI-1 disconnected
[    12.506] (II) modeset(0): Output DP-1 disconnected
[    12.506] (II) modeset(0): Using exact sizes for initial modes
[    12.506] (II) modeset(0): Output LVDS-1 using initial mode 1366x768 +0+0
[    12.506] (==) modeset(0): Using gamma correction (1.0, 1.0, 1.0)
[    12.506] (==) modeset(0): DPI set to (96, 96)
[    12.507] (II) Loading sub module "fb"
[    12.507] (II) LoadModule: "fb"
[    12.507] (II) Module "fb" already built-in
[    12.507] (II) UnloadModule: "vesa"
[    12.507] (II) Unloading vesa
[    12.569] (==) modeset(0): Backing store enabled
[    12.570] (==) modeset(0): Silken mouse enabled
[    12.606] (II) modeset(0): Initializing kms color map for depth 24, 8 bpc.
[    12.606] (==) modeset(0): DPMS enabled
[    12.606] (II) modeset(0): [DRI2] Setup complete
[    12.606] (II) modeset(0): [DRI2]   DRI driver: i965
[    12.606] (II) modeset(0): [DRI2]   VDPAU driver: va_gl
[    12.606] (II) Initializing extension Generic Event Extension
[    12.607] (II) Initializing extension SHAPE
[    12.607] (II) Initializing extension MIT-SHM
[    12.607] (II) Initializing extension XInputExtension
[    12.608] (II) Initializing extension XTEST
[    12.608] (II) Initializing extension BIG-REQUESTS
[    12.609] (II) Initializing extension SYNC
[    12.609] (II) Initializing extension XKEYBOARD
[    12.610] (II) Initializing extension XC-MISC
[    12.610] (II) Initializing extension SECURITY
[    12.611] (II) Initializing extension XFIXES
[    12.612] (II) Initializing extension RENDER
[    12.612] (II) Initializing extension RANDR
[    12.613] (II) Initializing extension COMPOSITE
[    12.614] (II) Initializing extension DAMAGE
[    12.614] (II) Initializing extension MIT-SCREEN-SAVER
[    12.614] (II) Initializing extension DOUBLE-BUFFER
[    12.615] (II) Initializing extension RECORD
[    12.615] (II) Initializing extension DPMS
[    12.616] (II) Initializing extension Present
[    12.616] (II) Initializing extension DRI3
[    12.616] (II) Initializing extension X-Resource
[    12.617] (II) Initializing extension XVideo
[    12.617] (II) Initializing extension XVideo-MotionCompensation
[    12.617] (II) Initializing extension GLX
[    12.627] (II) AIGLX: Loaded and initialized i965
[    12.627] (II) GLX: Initialized DRI2 GL provider for screen 0
[    12.627] (II) Initializing extension XFree86-VidModeExtension
[    12.627] (II) Initializing extension XFree86-DGA
[    12.628] (II) Initializing extension XFree86-DRI
[    12.628] (II) Initializing extension DRI2
[    12.630] (II) modeset(0): Damage tracking initialized
[    12.630] (II) modeset(0): Setting screen physical size to 361 x 203
[    12.858] (II) config/udev: Adding input device Power Button (/dev/input/event2)
[    12.858] (**) Power Button: Applying InputClass "libinput keyboard catchall"
[    12.858] (II) LoadModule: "libinput"
[    12.858] (II) Loading /usr/lib/xorg/modules/input/libinput_drv.so
[    12.866] (II) Module libinput: vendor="X.Org Foundation"
[    12.866] 	compiled for 1.21.1, module version = 1.2.0
[    12.866] 	Module class: X.Org XInput Driver
[    12.866] 	ABI class: X.Org XInput driver, version 24.4
[    12.866] (II) Using input driver 'libinput' for 'Power Button'
[    12.869] (II) systemd-logind: got fd for /dev/input/event2 13:66 fd 22 paused 0
[    12.869] (**) Power Button: always reports core events
[    12.869] (**) Option "Device" "/dev/input/event2"
[    12.869] (**) Option "_source" "server/udev"
[    12.902] (II) event2  - Power Button: is tagged by udev as: Keyboard
[    12.903] (II) event2  - Power Button: device is a keyboard
[    12.903] (II) event2  - Power Button: device removed
[    12.903] (**) Option "config_info" "udev:/sys/devices/LNXSYSTM:00/LNXPWRBN:00/input/input2/event2"
[    12.903] (II) XINPUT: Adding extended input device "Power Button" (type: KEYBOARD, id 6)
[    12.904] (II) event2  - Power Button: is tagged by udev as: Keyboard
[    12.905] (II) event2  - Power Button: device is a keyboard
[    12.906] (II) config/udev: Adding input device Asus Wireless Radio Control (/dev/input/event4)
[    12.906] (**) Asus Wireless Radio Control: Applying InputClass "libinput keyboard catchall"
[    12.906] (II) Using input driver 'libinput' for 'Asus Wireless Radio Control'
[    12.908] (II) systemd-logind: got fd for /dev/input/event4 13:68 fd 25 paused 0
[    12.908] (**) Asus Wireless Radio Control: always reports core events
[    12.908] (**) Option "Device" "/dev/input/event4"
[    12.908] (**) Option "_source" "server/udev"
[    12.911] (II) event4  - Asus Wireless Radio Control: is tagged by udev as: Keyboard
[    12.911] (II) event4  - Asus Wireless Radio Control: device is a keyboard
[    12.912] (II) event4  - Asus Wireless Radio Control: device removed
[    12.912] (**) Option "config_info" "udev:/sys/devices/LNXSYSTM:00/LNXSYBUS:00/ATK4001:00/input/input8/event4"
[    12.912] (II) XINPUT: Adding extended input device "Asus Wireless Radio Control" (type: KEYBOARD, id 7)
[    12.915] (II) event4  - Asus Wireless Radio Control: is tagged by udev as: Keyboard
[    12.915] (II) event4  - Asus Wireless Radio Control: device is a keyboard
[    12.917] (II) config/udev: Adding input device Video Bus (/dev/input/event7)
[    12.917] (**) Video Bus: Applying InputClass "libinput keyboard catchall"
[    12.917] (II) Using input driver 'libinput' for 'Video Bus'
[    12.920] (II) systemd-logind: got fd for /dev/input/event7 13:71 fd 26 paused 0
[    12.920] (**) Video Bus: always reports core events
[    12.920] (**) Option "Device" "/dev/input/event7"
[    12.920] (**) Option "_source" "server/udev"
[    12.922] (II) event7  - Video Bus: is tagged by udev as: Keyboard
[    12.923] (II) event7  - Video Bus: device is a keyboard
[    12.923] (II) event7  - Video Bus: device removed
[    12.923] (**) Option "config_info" "udev:/sys/devices/LNXSYSTM:00/LNXSYBUS:00/PNP0A08:00/LNXVIDEO:00/input/input14/event7"
[    12.923] (II) XINPUT: Adding extended input device "Video Bus" (type: KEYBOARD, id 8)
[    12.926] (II) event7  - Video Bus: is tagged by udev as: Keyboard
[    12.927] (II) event7  - Video Bus: device is a keyboard
[    12.928] (II) config/udev: Adding input device Lid Switch (/dev/input/event0)
[    12.928] (II) No input driver specified, ignoring this device.
[    12.928] (II) This device may have been added with another device file.
[    12.930] (II) config/udev: Adding input device Sleep Button (/dev/input/event1)
[    12.930] (**) Sleep Button: Applying InputClass "libinput keyboard catchall"
[    12.930] (II) Using input driver 'libinput' for 'Sleep Button'
[    12.932] (II) systemd-logind: got fd for /dev/input/event1 13:65 fd 27 paused 0
[    12.932] (**) Sleep Button: always reports core events
[    12.932] (**) Option "Device" "/dev/input/event1"
[    12.932] (**) Option "_source" "server/udev"
[    12.934] (II) event1  - Sleep Button: is tagged by udev as: Keyboard
[    12.935] (II) event1  - Sleep Button: device is a keyboard
[    12.935] (II) event1  - Sleep Button: device removed
[    12.935] (**) Option "config_info" "udev:/sys/devices/LNXSYSTM:00/LNXSYBUS:00/PNP0C0E:00/input/input1/event1"
[    12.935] (II) XINPUT: Adding extended input device "Sleep Button" (type: KEYBOARD, id 9)
[    12.938] (II) event1  - Sleep Button: is tagged by udev as: Keyboard
[    12.938] (II) event1  - Sleep Button: device is a keyboard
[    12.941] (II) config/udev: Adding input device USB2.0 HD UVC WebCam: USB2.0 HD (/dev/input/event11)
[    12.941] (**) USB2.0 HD UVC WebCam: USB2.0 HD: Applying InputClass "libinput keyboard catchall"
[    12.941] (II) Using input driver 'libinput' for 'USB2.0 HD UVC WebCam: USB2.0 HD'
[    12.943] (II) systemd-logind: got fd for /dev/input/event11 13:75 fd 28 paused 0
[    12.943] (**) USB2.0 HD UVC WebCam: USB2.0 HD: always reports core events
[    12.943] (**) Option "Device" "/dev/input/event11"
[    12.944] (**) Option "_source" "server/udev"
[    12.947] (II) event11 - USB2.0 HD UVC WebCam: USB2.0 HD: is tagged by udev as: Keyboard
[    12.947] (II) event11 - USB2.0 HD UVC WebCam: USB2.0 HD: device is a keyboard
[    12.948] (II) event11 - USB2.0 HD UVC WebCam: USB2.0 HD: device removed
[    12.948] (**) Option "config_info" "udev:/sys/devices/pci0000:00/0000:00:1a.0/usb1/1-1/1-1.3/1-1.3:1.0/input/input18/event11"
[    12.948] (II) XINPUT: Adding extended input device "USB2.0 HD UVC WebCam: USB2.0 HD" (type: KEYBOARD, id 10)
[    12.952] (II) event11 - USB2.0 HD UVC WebCam: USB2.0 HD: is tagged by udev as: Keyboard
[    12.952] (II) event11 - USB2.0 HD UVC WebCam: USB2.0 HD: device is a keyboard
[    12.954] (II) config/udev: Adding input device HDA Intel PCH Headphone (/dev/input/event9)
[    12.954] (II) No input driver specified, ignoring this device.
[    12.954] (II) This device may have been added with another device file.
[    12.955] (II) config/udev: Adding input device HDA Intel PCH HDMI/DP,pcm=3 (/dev/input/event10)
[    12.955] (II) No input driver specified, ignoring this device.
[    12.955] (II) This device may have been added with another device file.
[    12.956] (II) config/udev: Adding input device Asus WMI hotkeys (/dev/input/event8)
[    12.956] (**) Asus WMI hotkeys: Applying InputClass "libinput keyboard catchall"
[    12.956] (II) Using input driver 'libinput' for 'Asus WMI hotkeys'
[    12.957] (II) systemd-logind: got fd for /dev/input/event8 13:72 fd 29 paused 0
[    12.958] (**) Asus WMI hotkeys: always reports core events
[    12.958] (**) Option "Device" "/dev/input/event8"
[    12.958] (**) Option "_source" "server/udev"
[    12.960] (II) event8  - Asus WMI hotkeys: is tagged by udev as: Keyboard
[    12.960] (II) event8  - Asus WMI hotkeys: device is a keyboard
[    12.961] (II) event8  - Asus WMI hotkeys: device removed
[    12.961] (**) Option "config_info" "udev:/sys/devices/platform/asus-nb-wmi/input/input15/event8"
[    12.961] (II) XINPUT: Adding extended input device "Asus WMI hotkeys" (type: KEYBOARD, id 11)
[    12.963] (II) event8  - Asus WMI hotkeys: is tagged by udev as: Keyboard
[    12.963] (II) event8  - Asus WMI hotkeys: device is a keyboard
[    12.964] (II) config/udev: Adding input device AT Translated Set 2 keyboard (/dev/input/event3)
[    12.964] (**) AT Translated Set 2 keyboard: Applying InputClass "libinput keyboard catchall"
[    12.964] (II) Using input driver 'libinput' for 'AT Translated Set 2 keyboard'
[    12.966] (II) systemd-logind: got fd for /dev/input/event3 13:67 fd 30 paused 0
[    12.966] (**) AT Translated Set 2 keyboard: always reports core events
[    12.966] (**) Option "Device" "/dev/input/event3"
[    12.966] (**) Option "_source" "server/udev"
[    12.968] (II) event3  - AT Translated Set 2 keyboard: is tagged by udev as: Keyboard
[    12.968] (II) event3  - AT Translated Set 2 keyboard: device is a keyboard
[    12.970] (II) event3  - AT Translated Set 2 keyboard: device removed
[    12.970] (**) Option "config_info" "udev:/sys/devices/platform/i8042/serio0/input/input3/event3"
[    12.970] (II) XINPUT: Adding extended input device "AT Translated Set 2 keyboard" (type: KEYBOARD, id 12)
[    12.972] (II) event3  - AT Translated Set 2 keyboard: is tagged by udev as: Keyboard
[    12.972] (II) event3  - AT Translated Set 2 keyboard: device is a keyboard
[    12.975] (II) config/udev: Adding input device ETPS/2 Elantech Touchpad (/dev/input/event6)
[    12.975] (**) ETPS/2 Elantech Touchpad: Applying InputClass "libinput touchpad catchall"
[    12.975] (II) Using input driver 'libinput' for 'ETPS/2 Elantech Touchpad'
[    12.977] (II) systemd-logind: got fd for /dev/input/event6 13:70 fd 31 paused 0
[    12.977] (**) ETPS/2 Elantech Touchpad: always reports core events
[    12.977] (**) Option "Device" "/dev/input/event6"
[    12.977] (**) Option "_source" "server/udev"
[    12.979] (II) event6  - ETPS/2 Elantech Touchpad: is tagged by udev as: Touchpad
[    12.983] (II) event6  - ETPS/2 Elantech Touchpad: device is a touchpad
[    12.983] (II) event6  - ETPS/2 Elantech Touchpad: device removed
[    12.984] (**) Option "config_info" "udev:/sys/devices/platform/i8042/serio4/input/input13/event6"
[    12.984] (II) XINPUT: Adding extended input device "ETPS/2 Elantech Touchpad" (type: TOUCHPAD, id 13)
[    12.987] (**) Option "AccelerationScheme" "none"
[    12.987] (**) ETPS/2 Elantech Touchpad: (accel) selected scheme none/0
[    12.987] (**) ETPS/2 Elantech Touchpad: (accel) acceleration factor: 2.000
[    12.987] (**) ETPS/2 Elantech Touchpad: (accel) acceleration threshold: 4
[    12.989] (II) event6  - ETPS/2 Elantech Touchpad: is tagged by udev as: Touchpad
[    12.992] (II) event6  - ETPS/2 Elantech Touchpad: device is a touchpad
[    12.994] (II) config/udev: Adding input device ETPS/2 Elantech Touchpad (/dev/input/mouse0)
[    12.994] (II) No input driver specified, ignoring this device.
[    12.994] (II) This device may have been added with another device file.
[    12.995] (II) config/udev: Adding input device PC Speaker (/dev/input/event5)
[    12.995] (II) No input driver specified, ignoring this device.
[    12.995] (II) This device may have been added with another device file.
[    56.120] (II) config/udev: Adding input device SEMICO USB Keyboard System Control (/dev/input/event14)
[    56.120] (**) SEMICO USB Keyboard System Control: Applying InputClass "libinput keyboard catchall"
[    56.120] (II) Using input driver 'libinput' for 'SEMICO USB Keyboard System Control'
[    56.122] (II) systemd-logind: got fd for /dev/input/event14 13:78 fd 46 paused 0
[    56.122] (**) SEMICO USB Keyboard System Control: always reports core events
[    56.122] (**) Option "Device" "/dev/input/event14"
[    56.122] (**) Option "_source" "server/udev"
[    56.127] (II) event14 - SEMICO USB Keyboard System Control: is tagged by udev as: Keyboard
[    56.127] (II) event14 - SEMICO USB Keyboard System Control: device is a keyboard
[    56.129] (II) event14 - SEMICO USB Keyboard System Control: device removed
[    56.129] (**) Option "config_info" "udev:/sys/devices/pci0000:00/0000:00:14.0/usb3/3-2/3-2:1.1/0003:1A2C:4D7E.0002/input/input21/event14"
[    56.129] (II) XINPUT: Adding extended input device "SEMICO USB Keyboard System Control" (type: KEYBOARD, id 14)
[    56.132] (II) event14 - SEMICO USB Keyboard System Control: is tagged by udev as: Keyboard
[    56.133] (II) event14 - SEMICO USB Keyboard System Control: device is a keyboard
[    56.135] (II) config/udev: Adding input device SEMICO USB Keyboard Consumer Control (/dev/input/event13)
[    56.135] (**) SEMICO USB Keyboard Consumer Control: Applying InputClass "libinput keyboard catchall"
[    56.135] (II) Using input driver 'libinput' for 'SEMICO USB Keyboard Consumer Control'
[    56.137] (II) systemd-logind: got fd for /dev/input/event13 13:77 fd 47 paused 0
[    56.137] (**) SEMICO USB Keyboard Consumer Control: always reports core events
[    56.137] (**) Option "Device" "/dev/input/event13"
[    56.137] (**) Option "_source" "server/udev"
[    56.140] (II) event13 - SEMICO USB Keyboard Consumer Control: is tagged by udev as: Keyboard
[    56.141] (II) event13 - SEMICO USB Keyboard Consumer Control: device is a keyboard
[    56.141] (II) event13 - SEMICO USB Keyboard Consumer Control: device removed
[    56.141] (II) libinput: SEMICO USB Keyboard Consumer Control: needs a virtual subdevice
[    56.141] (**) Option "config_info" "udev:/sys/devices/pci0000:00/0000:00:14.0/usb3/3-2/3-2:1.1/0003:1A2C:4D7E.0002/input/input20/event13"
[    56.142] (II) XINPUT: Adding extended input device "SEMICO USB Keyboard Consumer Control" (type: MOUSE, id 15)
[    56.142] (**) Option "AccelerationScheme" "none"
[    56.142] (**) SEMICO USB Keyboard Consumer Control: (accel) selected scheme none/0
[    56.142] (**) SEMICO USB Keyboard Consumer Control: (accel) acceleration factor: 2.000
[    56.142] (**) SEMICO USB Keyboard Consumer Control: (accel) acceleration threshold: 4
[    56.145] (II) event13 - SEMICO USB Keyboard Consumer Control: is tagged by udev as: Keyboard
[    56.145] (II) event13 - SEMICO USB Keyboard Consumer Control: device is a keyboard
[    56.146] (**) SEMICO USB Keyboard Consumer Control: Applying InputClass "libinput keyboard catchall"
[    56.146] (II) Using input driver 'libinput' for 'SEMICO USB Keyboard Consumer Control'
[    56.146] (II) systemd-logind: returning pre-existing fd for /dev/input/event13 13:77
[    56.146] (**) SEMICO USB Keyboard Consumer Control: always reports core events
[    56.146] (**) Option "Device" "/dev/input/event13"
[    56.146] (**) Option "_source" "_driver/libinput"
[    56.147] (II) libinput: SEMICO USB Keyboard Consumer Control: is a virtual subdevice
[    56.147] (**) Option "config_info" "udev:/sys/devices/pci0000:00/0000:00:14.0/usb3/3-2/3-2:1.1/0003:1A2C:4D7E.0002/input/input20/event13"
[    56.147] (II) XINPUT: Adding extended input device "SEMICO USB Keyboard Consumer Control" (type: KEYBOARD, id 16)
[    56.148] (II) config/udev: Adding input device SEMICO USB Keyboard (/dev/input/event12)
[    56.149] (**) SEMICO USB Keyboard: Applying InputClass "libinput keyboard catchall"
[    56.149] (II) Using input driver 'libinput' for 'SEMICO USB Keyboard'
[    56.151] (II) systemd-logind: got fd for /dev/input/event12 13:76 fd 48 paused 0
[    56.151] (**) SEMICO USB Keyboard: always reports core events
[    56.151] (**) Option "Device" "/dev/input/event12"
[    56.151] (**) Option "_source" "server/udev"
[    56.154] (II) event12 - SEMICO USB Keyboard: is tagged by udev as: Keyboard
[    56.155] (II) event12 - SEMICO USB Keyboard: device is a keyboard
[    56.155] (II) event12 - SEMICO USB Keyboard: device removed
[    56.155] (**) Option "config_info" "udev:/sys/devices/pci0000:00/0000:00:14.0/usb3/3-2/3-2:1.0/0003:1A2C:4D7E.0001/input/input19/event12"
[    56.155] (II) XINPUT: Adding extended input device "SEMICO USB Keyboard" (type: KEYBOARD, id 17)
[    56.158] (II) event12 - SEMICO USB Keyboard: is tagged by udev as: Keyboard
[    56.158] (II) event12 - SEMICO USB Keyboard: device is a keyboard
[    56.160] (II) config/udev: Adding input device SEMICO USB Keyboard (/dev/input/event15)
[    56.160] (**) SEMICO USB Keyboard: Applying InputClass "libinput keyboard catchall"
[    56.160] (II) Using input driver 'libinput' for 'SEMICO USB Keyboard'
[    56.162] (II) systemd-logind: got fd for /dev/input/event15 13:79 fd 49 paused 0
[    56.162] (**) SEMICO USB Keyboard: always reports core events
[    56.162] (**) Option "Device" "/dev/input/event15"
[    56.162] (**) Option "_source" "server/udev"
[    56.165] (II) event15 - SEMICO USB Keyboard: is tagged by udev as: Keyboard
[    56.165] (II) event15 - SEMICO USB Keyboard: device is a keyboard
[    56.166] (II) event15 - SEMICO USB Keyboard: device removed
[    56.166] (**) Option "config_info" "udev:/sys/devices/pci0000:00/0000:00:14.0/usb3/3-2/3-2:1.1/0003:1A2C:4D7E.0002/input/input23/event15"
[    56.166] (II) XINPUT: Adding extended input device "SEMICO USB Keyboard" (type: KEYBOARD, id 18)
[    56.169] (II) event15 - SEMICO USB Keyboard: is tagged by udev as: Keyboard
[    56.169] (II) event15 - SEMICO USB Keyboard: device is a keyboard
[    65.291] (II) config/udev: Adding input device HID 1bcf:08a0 Mouse (/dev/input/mouse1)
[    65.291] (II) No input driver specified, ignoring this device.
[    65.291] (II) This device may have been added with another device file.
[    65.322] (II) config/udev: Adding input device HID 1bcf:08a0 Keyboard (/dev/input/event17)
[    65.322] (**) HID 1bcf:08a0 Keyboard: Applying InputClass "libinput keyboard catchall"
[    65.322] (II) Using input driver 'libinput' for 'HID 1bcf:08a0 Keyboard'
[    65.323] (II) systemd-logind: got fd for /dev/input/event17 13:81 fd 50 paused 0
[    65.323] (**) HID 1bcf:08a0 Keyboard: always reports core events
[    65.323] (**) Option "Device" "/dev/input/event17"
[    65.323] (**) Option "_source" "server/udev"
[    65.326] (II) event17 - HID 1bcf:08a0 Keyboard: is tagged by udev as: Keyboard
[    65.327] (II) event17 - HID 1bcf:08a0 Keyboard: device is a keyboard
[    65.327] (II) event17 - HID 1bcf:08a0 Keyboard: device removed
[    65.327] (II) libinput: HID 1bcf:08a0 Keyboard: needs a virtual subdevice
[    65.327] (**) Option "config_info" "udev:/sys/devices/pci0000:00/0000:00:14.0/usb3/3-1/3-1:1.0/0003:1BCF:08A0.0003/input/input25/event17"
[    65.327] (II) XINPUT: Adding extended input device "HID 1bcf:08a0 Keyboard" (type: MOUSE, id 19)
[    65.328] (**) Option "AccelerationScheme" "none"
[    65.328] (**) HID 1bcf:08a0 Keyboard: (accel) selected scheme none/0
[    65.328] (**) HID 1bcf:08a0 Keyboard: (accel) acceleration factor: 2.000
[    65.328] (**) HID 1bcf:08a0 Keyboard: (accel) acceleration threshold: 4
[    65.330] (II) event17 - HID 1bcf:08a0 Keyboard: is tagged by udev as: Keyboard
[    65.330] (II) event17 - HID 1bcf:08a0 Keyboard: device is a keyboard
[    65.331] (**) HID 1bcf:08a0 Keyboard: Applying InputClass "libinput keyboard catchall"
[    65.331] (II) Using input driver 'libinput' for 'HID 1bcf:08a0 Keyboard'
[    65.331] (II) systemd-logind: returning pre-existing fd for /dev/input/event17 13:81
[    65.331] (**) HID 1bcf:08a0 Keyboard: always reports core events
[    65.331] (**) Option "Device" "/dev/input/event17"
[    65.331] (**) Option "_source" "_driver/libinput"
[    65.331] (II) libinput: HID 1bcf:08a0 Keyboard: is a virtual subdevice
[    65.331] (**) Option "config_info" "udev:/sys/devices/pci0000:00/0000:00:14.0/usb3/3-1/3-1:1.0/0003:1BCF:08A0.0003/input/input25/event17"
[    65.331] (II) XINPUT: Adding extended input device "HID 1bcf:08a0 Keyboard" (type: KEYBOARD, id 20)
[    65.370] (II) config/udev: Adding input device HID 1bcf:08a0 Mouse (/dev/input/event16)
[    65.371] (**) HID 1bcf:08a0 Mouse: Applying InputClass "libinput pointer catchall"
[    65.371] (II) Using input driver 'libinput' for 'HID 1bcf:08a0 Mouse'
[    65.373] (II) systemd-logind: got fd for /dev/input/event16 13:80 fd 51 paused 0
[    65.373] (**) HID 1bcf:08a0 Mouse: always reports core events
[    65.373] (**) Option "Device" "/dev/input/event16"
[    65.373] (**) Option "_source" "server/udev"
[    65.380] (II) event16 - HID 1bcf:08a0 Mouse: is tagged by udev as: Mouse
[    65.381] (II) event16 - HID 1bcf:08a0 Mouse: device is a pointer
[    65.382] (II) event16 - HID 1bcf:08a0 Mouse: device removed
[    65.382] (**) Option "config_info" "udev:/sys/devices/pci0000:00/0000:00:14.0/usb3/3-1/3-1:1.0/0003:1BCF:08A0.0003/input/input24/event16"
[    65.382] (II) XINPUT: Adding extended input device "HID 1bcf:08a0 Mouse" (type: MOUSE, id 21)
[    65.383] (**) Option "AccelerationScheme" "none"
[    65.383] (**) HID 1bcf:08a0 Mouse: (accel) selected scheme none/0
[    65.383] (**) HID 1bcf:08a0 Mouse: (accel) acceleration factor: 2.000
[    65.383] (**) HID 1bcf:08a0 Mouse: (accel) acceleration threshold: 4
[    65.387] (II) event16 - HID 1bcf:08a0 Mouse: is tagged by udev as: Mouse
[    65.388] (II) event16 - HID 1bcf:08a0 Mouse: device is a pointer
